
system start at Wed Jun 10 11:14:32 2020
xiaozhang log-in at Wed Jun 10 11:14:57 2020
xiaozhang quit at Wed Jun 10 11:15:08 2020
system close at Wed Jun 10 11:15:17 2020

system start at Wed Jun 10 19:20:41 2020
xiaoli log-in at Wed Jun 10 19:21:00 2020
xiaoli quit at Wed Jun 10 19:21:28 2020
system close at Wed Jun 10 19:21:34 2020

system start at Sat Jun 13 18:15:10 2020
xiaosi log-in at Sat Jun 13 18:16:17 2020
zhangsan log-in at Sat Jun 13 18:18:25 2020
zhangsan quit at Sat Jun 13 18:19:10 2020
xiaosi quit at Sat Jun 13 18:19:15 2020
system close at Sat Jun 13 18:19:23 2020

system start at Sat Jun 13 19:04:18 2020
hello log-in at Sat Jun 13 19:04:48 2020
hello quit at Sat Jun 13 19:04:54 2020
system close at Sat Jun 13 19:05:03 2020

system start at Sun Jun 14 10:24:06 2020
zhanglong log-in at Sun Jun 14 10:24:38 2020
zhangsan log-in at Sun Jun 14 10:24:57 2020
zhanglong quit at Sun Jun 14 10:25:48 2020
zhangsan quit at Sun Jun 14 10:26:50 2020
system close at Sun Jun 14 10:27:02 2020

system start at Sun Jun 14 10:36:54 2020
system close at Sun Jun 14 10:36:56 2020

system start at Sun Jun 14 10:43:59 2020
zhangsan log-in at Sun Jun 14 10:44:13 2020
zhangsan quit at Sun Jun 14 10:44:14 2020
system close at Sun Jun 14 10:44:18 2020

system start at Sun Jun 14 10:47:25 2020
system close at Sun Jun 14 10:47:28 2020

system start at Sun Jun 14 10:51:22 2020
system close at Sun Jun 14 10:53:23 2020

system start at Sun Jun 14 10:59:05 2020
xiaohua log-in at Sun Jun 14 10:59:15 2020
zhangsan log-in at Sun Jun 14 10:59:59 2020
zhangsan quit at Sun Jun 14 11:00:18 2020
xiaohua quit at Sun Jun 14 11:00:37 2020
system close at Sun Jun 14 11:00:42 2020

system start at Sun Jun 14 11:10:53 2020
zhangsan log-in at Sun Jun 14 11:11:46 2020
zhangsan quit at Sun Jun 14 11:12:51 2020
zhangsan log-in at Sun Jun 14 11:12:58 2020
zhangsan quit at Sun Jun 14 11:15:19 2020
system close at Sun Jun 14 11:15:21 2020

system start at Sun Jun 14 11:16:49 2020
zhangsan log-in at Sun Jun 14 11:17:05 2020
zhangsan quit at Sun Jun 14 11:18:31 2020
system close at Sun Jun 14 11:18:31 2020

system start at Sun Jun 14 11:19:41 2020
zhangsan log-in at Sun Jun 14 11:19:50 2020
zhangsan quit at Sun Jun 14 11:20:15 2020
system close at Sun Jun 14 11:20:15 2020

system start at Sun Jun 14 11:22:31 2020
zhangsan log-in at Sun Jun 14 11:22:49 2020
zhangsan quit at Sun Jun 14 11:23:07 2020
system close at Sun Jun 14 11:23:09 2020

system start at Sun Jun 14 11:32:22 2020
zhangsan log-in at Sun Jun 14 11:32:37 2020
zhangsan quit at Sun Jun 14 11:32:57 2020
system close at Sun Jun 14 11:33:00 2020

system start at Sun Jun 14 11:37:23 2020
xiaoma log-in at Sun Jun 14 11:37:52 2020
xiaoma quit at Sun Jun 14 11:38:20 2020
system close at Sun Jun 14 11:39:20 2020

system start at Sun Jun 14 11:42:50 2020
mahuateng log-in at Sun Jun 14 11:43:09 2020
mahuateng quit at Sun Jun 14 11:43:15 2020
mahuateng log-in at Sun Jun 14 11:43:21 2020
mahuateng quit at Sun Jun 14 11:43:36 2020
system close at Sun Jun 14 11:43:41 2020

system start at Sun Jun 14 11:47:01 2020
lisi log-in at Sun Jun 14 11:47:16 2020
lisi quit at Sun Jun 14 11:48:18 2020
system close at Sun Jun 14 11:48:26 2020

system start at Sun Jun 14 12:06:13 2020
lisi log-in at Sun Jun 14 12:06:49 2020
lisi quit at Sun Jun 14 12:07:07 2020

system start at Sun Jun 14 12:09:12 2020
lisi log-in at Sun Jun 14 12:09:29 2020
lisi quit at Sun Jun 14 12:12:07 2020
system close at Sun Jun 14 12:12:22 2020

system start at Sun Jun 14 12:17:19 2020
zhangsan log-in at Sun Jun 14 12:17:27 2020
zhangsan quit at Sun Jun 14 13:15:04 2020
system close at Sun Jun 14 13:15:09 2020

system start at Sun Jun 14 13:19:09 2020
zhangsan log-in at Sun Jun 14 13:19:21 2020
zhangsan quit at Sun Jun 14 13:20:00 2020
system close at Sun Jun 14 13:20:06 2020

system start at Sun Jun 14 13:21:53 2020
zhangsan log-in at Sun Jun 14 13:22:15 2020
zhangsan quit at Sun Jun 14 13:22:51 2020
system close at Sun Jun 14 13:22:56 2020

system start at Sun Jun 14 13:24:50 2020
zhangsan log-in at Sun Jun 14 13:24:58 2020
zhangsan quit at Sun Jun 14 13:25:14 2020
system close at Sun Jun 14 13:25:21 2020

system start at Sun Jun 14 13:26:38 2020
zhouhongyi log-in at Sun Jun 14 13:26:59 2020
zhouhongyi quit at Sun Jun 14 13:27:25 2020
system close at Sun Jun 14 13:27:29 2020

system start at Sun Jun 14 14:32:57 2020
system close at Sun Jun 14 14:32:58 2020

system start at Sun Jun 14 20:53:19 2020
system close at Sun Jun 14 20:53:26 2020

system start at Sun Jun 14 20:54:39 2020
system close at Sun Jun 14 20:54:44 2020

system start at Mon Jun 15 17:44:14 2020
system close at Mon Jun 15 17:44:23 2020

system start at Mon Jun 15 17:48:37 2020
xiaoliu log-in at Mon Jun 15 18:12:02 2020
zhangsan log-in at Mon Jun 15 18:12:18 2020
lisi log-in at Mon Jun 15 18:12:24 2020
zhangsan quit at Mon Jun 15 18:14:25 2020
lisi quit at Mon Jun 15 18:14:40 2020
xiaoliu quit at Mon Jun 15 18:14:54 2020
system close at Mon Jun 15 18:14:59 2020

system start at Mon Jun 15 21:14:09 2020
zhangsan log-in at Mon Jun 15 21:14:36 2020
zhangsan quit at Mon Jun 15 21:14:52 2020
system close at Mon Jun 15 21:14:57 2020

system start at Mon Jun 15 21:41:24 2020
wangyutian log-in at Mon Jun 15 21:41:46 2020
zhangsan log-in at Mon Jun 15 21:42:02 2020
lisi log-in at Mon Jun 15 21:42:10 2020
wangyutian quit at Mon Jun 15 21:42:52 2020
zhangsan quit at Mon Jun 15 21:43:06 2020
lisi quit at Mon Jun 15 21:43:11 2020
system close at Mon Jun 15 21:43:16 2020

system start at Wed Jun 17 08:43:08 2020
system close at Wed Jun 17 08:43:11 2020

system start at Wed Jun 17 09:02:17 2020
tianlaoshi log-in at Wed Jun 17 09:02:52 2020
zhangsan log-in at Wed Jun 17 09:02:58 2020
lisi log-in at Wed Jun 17 09:03:03 2020
lisi quit at Wed Jun 17 09:03:55 2020
zhangsan quit at Wed Jun 17 09:03:59 2020
tianlaoshi quit at Wed Jun 17 09:04:20 2020
system close at Wed Jun 17 09:04:24 2020
